https://www.naukri.com/web-developer-jobs-in-India
https://www.naukri.com/web-developer-jobs-in-India-2
https://www.naukri.com/web-developer-jobs-in-India-3
/bin/sh: line 1: naukri.csv: command not found
Put some skills your are not familiar with
Filtering Out web developer
Company Name : SuryaInformaticsSolutionsPvt.Ltd.
Skills : python,webtechnologies,linux,mobile,mysql,angularjs,javascript
More Info : https://www.timesjobs.com/job-detail/python-surya-informatics-solutions-pvt-ltd-chennai-0-to-3-yrs-jobid-UVlLes58wutzpSvf__PLUS__uAgZw==&source=srp

Company Name : AxisTechnolabs
Skills : python,django,itskills,html5,api,jquery
More Info : https://www.timesjobs.com/job-detail/python-odoo-axistechnolabs-ahmedabad-0-to-1-yrs-jobid-HzL8naalyxFzpSvf__PLUS__uAgZw==&source=srp

Company Name : SohoDragon
Skills : python,datamining,storage,security,debugging
More Info : https://www.timesjobs.com/job-detail/python-developer-soho-dragon-ahmedabad-0-to-3-yrs-jobid-c6AxKzPgBENzpSvf__PLUS__uAgZw==&source=srp

Company Name : AxisTechnolabs
Skills : python,css,userinteraction,bootstrap,openerp,database,xml,oops,html
More Info : https://www.timesjobs.com/job-detail/python-developer-axistechnolabs-ahmedabad-0-to-1-yrs-jobid-UqL7KgAUov1zpSvf__PLUS__uAgZw==&source=srp

Company Name : DoodleblueInnovationsPvtLtd
Skills : python,database,django,git,html5,debugging,javascript,jquery
More Info : https://www.timesjobs.com/job-detail/python-developer-doodleblue-innovations-pvt-ltd-chennai-0-to-3-yrs-jobid-ZDWKX8wOZMlzpSvf__PLUS__uAgZw==&source=srp

Company Name : pegasusknowledgesolutionsindiapvtltd.
Skills : python,css,django,java,html,bootstrap,api,jquery,sql
More Info : https://www.timesjobs.com/job-detail/python-developer-pegasus-knowledge-solutions-india-pvt-ltd-bengaluru-bangalore-0-to-3-yrs-jobid-XiCKMhU2A29zpSvf__PLUS__uAgZw==&source=srp

Company Name : gammastackindore
Skills : python,database,django,restapi,oops,machinelearning,artificialintelligence
More Info : https://www.timesjobs.com/job-detail/python-developer-gammastack-indore-indore-0-to-3-yrs-jobid-k5C0GmkyZ8JzpSvf__PLUS__uAgZw==&source=srp

Company Name : TechasoftPvtLtd
Skills : python,javascript,docker,django,postgresql,oops,mysql,mongodb,opencv
More Info : https://www.timesjobs.com/job-detail/python-developer-techasoft-pvt-ltd-bengaluru-bangalore-0-to-3-yrs-jobid-Zn8__SLASH__9rCyRjNzpSvf__PLUS__uAgZw==&source=srp

Company Name : youngmindstechnologysolutionspvtltd
Skills : python,html5,storage,javascript,security,django
More Info : https://www.timesjobs.com/job-detail/python-developer-young-minds-technology-solutions-pvt-ltd-tirupati-0-to-3-yrs-jobid-NDA__SLASH__WwOTUCFzpSvf__PLUS__uAgZw==&source=srp

Company Name : speqtotechnologiespvtltd
Skills : c,python,github,c,restapi,database,postgresql,debugging,datastructures
More Info : https://www.timesjobs.com/job-detail/python-developer-speqto-technologies-pvt-ltd-noida-greater-noida-0-to-3-yrs-jobid-c5Isw59MJvZzpSvf__PLUS__uAgZw==&source=srp

Company Name : ADROITLEARNINGANDMANPOWERPVTLTD
Skills : restapi,sql,database,security,devops,rest,python,tornado,javascript,django,infrastructure
More Info : https://www.timesjobs.com/job-detail/python-developer-adroit-learning-and-manpower-pvt-ltd-ahmedabad-0-to-5-yrs-jobid-SV0IJvoyLGhzpSvf__PLUS__uAgZw==&source=srp

Company Name : sparkeighteen
Skills : securitycompliance,html5,storage,security,database,debugging,rest,python,mobile,problemsolving,javascript,django,infrastructure
More Info : https://www.timesjobs.com/job-detail/python-developer-spark-eighteen-delhi-delhi-ncr-0-to-3-yrs-jobid-AMRb__SLASH__nO5Jg5zpSvf__PLUS__uAgZw==&source=srp

Company Name : aspirebittechnolabpvtltd
Skills : securitycompliance,python,html5,mobile,svn,storage,javascript,security,database,django,git,debugging
More Info : https://www.timesjobs.com/job-detail/python-developer-aspirebit-technolab-pvt-ltd-surat-0-to-3-yrs-jobid-F9RQ2UH3a2NzpSvf__PLUS__uAgZw==&source=srp

Company Name : VirtualwareInnovations
Skills : python,html5,javascript,sql,nosql,docker,django,git,debugging,mysql,api,mongodb
More Info : https://www.timesjobs.com/job-detail/python-developer-virtualware-innovations-hyderabad-secunderabad-pune-bengaluru-bangalore-0-to-3-yrs-jobid-gBSXpZhFq71zpSvf__PLUS__uAgZw==&source=srp

Company Name : onlineproductivitysolutionspvt.ltd.
Skills : rest,python,rdbms,problemsolving,visualsourcesafe,webbasedapplications,django,git,webdevelopment
More Info : https://www.timesjobs.com/job-detail/python-developer-online-productivity-solutions-pvt-ltd-panjim-panaji-0-to-3-yrs-jobid-WqfkpKurtQZzpSvf__PLUS__uAgZw==&source=srp

Company Name : TECHNOPARKTRIVANDRUM
Skills : imageprocessing,rest,python,problemsolving,sql,django,mvc,middleware
More Info : https://www.timesjobs.com/job-detail/python-developer-technopark-trivandrum-thiruvananthapuram-0-to-3-yrs-jobid-lgyuYvs2g1NzpSvf__PLUS__uAgZw==&source=srp

Company Name : VirtualwareInnovations
Skills : arcgis,docker,sql,database,java,git,postgresql,devops,linux,softwareengineering,rest,python,svn,nosql,django,managementsystems
More Info : https://www.timesjobs.com/job-detail/python-developer-virtualware-innovations-hyderabad-secunderabad-0-to-3-yrs-jobid-7cbB5F5Z5xJzpSvf__PLUS__uAgZw==&source=srp

Company Name : destinyhrgroupservices
Skills : fundamentals,python,css,javascript,jquery,database,django,java,json,html
More Info : https://www.timesjobs.com/job-detail/python-developer-destiny-hr-group-services-gurgaon-0-to-1-yrs-jobid-ZBPXkQ5iEPBzpSvf__PLUS__uAgZw==&source=srp

Company Name : XpetizeTechnologySolutionsPrivateLimited
Skills : rest,python,rdbms,nosql,postgresql,devops,socialservices,shellscripting,mysql,mongodb
More Info : https://www.timesjobs.com/job-detail/python-developer-xpetize-technology-solutions-private-limited-pune-bengaluru-bangalore-0-to-3-yrs-jobid-__PLUS__KLYknwrpHNzpSvf__PLUS__uAgZw==&source=srp

Company Name : inflexitechnologiespvtltd
Skills : algorithms,python,css,naturallanguageprocessing,problemsolving,teamplayer,machinelearning,ajax,javascript,jquery,database,postgresql,xml,messagequeue,debugging,datastructures,mysql,html,api
More Info : https://www.timesjobs.com/job-detail/python-associates-inflexi-technologies-pvt-ltd-australia-0-to-2-yrs-jobid-EWbDFJUwYh9zpSvf__PLUS__uAgZw==&source=srp

[]
Traceback (most recent call last):
  File "/home/gaurav/ScrapIt/script.py", line 92, in <module>
    main()
  File "/home/gaurav/ScrapIt/script.py", line 87, in main
    message = create_message_with_attachment(sender, to, subject, message_text, file_paths)
              ^^^^^^^^^^^^^^^^^^^^^^^^^^^^^^^^^^^^^^^^^^^^^^^^^^^^^^^^^^^^^^^^^^^^^^^^^^^^^
  File "/home/gaurav/ScrapIt/script.py", line 59, in create_message_with_attachment
    with open(file_path, 'rb') as file:
         ^^^^^^^^^^^^^^^^^^^^^
FileNotFoundError: [Errno 2] No such file or directory: '/home/gaurav/ScrapIt/indeed.csv'
